<?xml version="1.0" encoding="UTF-8"?>
<!-- Generated by org.testng.reporters.JUnitReportReporter -->
<testsuite skipped="0" hostname="HOISL_ISHARAP" name="testCases.LoginTestCase" tests="3" failures="0" timestamp="18 May 2022 11:34:23 GMT" time="13.433" errors="0">
  <testcase name="login" time="0.421" classname="testCases.LoginTestCase"/>
  <testcase name="confirmHomePage" time="7.932" classname="testCases.LoginTestCase"/>
  <testcase name="clickGlobalAdd" time="5.080" classname="testCases.LoginTestCase"/>
</testsuite> <!-- testCases.LoginTestCase -->
