<?xml version="1.0" encoding="UTF-8"?>
<!-- Generated by org.testng.reporters.JUnitReportReporter -->
<testsuite skipped="0" hostname="HOISL_ISHARAP" name="testCases.TestCases" tests="3" failures="0" timestamp="18 May 2022 11:29:50 GMT" time="15.261" errors="0">
  <testcase name="login" time="0.453" classname="testCases.TestCases"/>
  <testcase name="confirmHomePage" time="9.722" classname="testCases.TestCases"/>
  <testcase name="clickGlobalAdd" time="5.086" classname="testCases.TestCases"/>
</testsuite> <!-- testCases.TestCases -->
